This is pdfTeX, Version 3.1415926-1.40.10 (MiKTeX 2.8) (preloaded format=pdflatex 2011.11.1)  11 JAN 2012 12:26
entering extended mode
**HW1.tex
(C:\Users\Thanasi\Dropbox\UChicago\Classes\W12\Imaging\Homework\HW1\HW1.tex
LaTeX2e <2009/09/24>
Babel <v3.8l> and hyphenation patterns for english, dumylang, nohyphenation, ge
rman, ngerman, german-x-2009-06-19, ngerman-x-2009-06-19, french, loaded.
("C:\Program Files (x86)\MiKTeX 2.8\tex\latex\base\article.cls"
Document Class: article 2007/10/19 v1.4h Standard LaTeX document class
("C:\Program Files (x86)\MiKTeX 2.8\tex\latex\base\size10.clo"
File: size10.clo 2007/10/19 v1.4h Standard LaTeX file (size option)
)
\c@part=\count79
\c@section=\count80
\c@subsection=\count81
\c@subsubsection=\count82
\c@paragraph=\count83
\c@subparagraph=\count84
\c@figure=\count85
\c@table=\count86
\abovecaptionskip=\skip41
\belowcaptionskip=\skip42
\bibindent=\dimen102
)
("C:\Program Files (x86)\MiKTeX 2.8\tex\latex\graphics\graphicx.sty"
Package: graphicx 1999/02/16 v1.0f Enhanced LaTeX Graphics (DPC,SPQR)

("C:\Program Files (x86)\MiKTeX 2.8\tex\latex\graphics\keyval.sty"
Package: keyval 1999/03/16 v1.13 key=value parser (DPC)
\KV@toks@=\toks14
)
("C:\Program Files (x86)\MiKTeX 2.8\tex\latex\graphics\graphics.sty"
Package: graphics 2009/02/05 v1.0o Standard LaTeX Graphics (DPC,SPQR)

("C:\Program Files (x86)\MiKTeX 2.8\tex\latex\graphics\trig.sty"
Package: trig 1999/03/16 v1.09 sin cos tan (DPC)
)
("C:\Program Files (x86)\MiKTeX 2.8\tex\latex\00miktex\graphics.cfg"
File: graphics.cfg 2007/01/18 v1.5 graphics configuration of teTeX/TeXLive
)
Package graphics Info: Driver file: pdftex.def on input line 91.

("C:\Program Files (x86)\MiKTeX 2.8\tex\latex\pdftex-def\pdftex.def"
File: pdftex.def 2010/02/14 v0.04n Graphics/color for pdfTeX
\Gread@gobject=\count87
))
\Gin@req@height=\dimen103
\Gin@req@width=\dimen104
)
("C:\Program Files (x86)\MiKTeX 2.8\tex\latex\float\float.sty"
Package: float 2001/11/08 v1.3d Float enhancements (AL)
\c@float@type=\count88
\float@exts=\toks15
\float@box=\box26
\@float@everytoks=\toks16
\@floatcapt=\box27
)
("C:\Program Files (x86)\MiKTeX 2.8\tex\latex\tools\verbatim.sty"
Package: verbatim 2003/08/22 v1.5q LaTeX2e package for verbatim enhancements
\every@verbatim=\toks17
\verbatim@line=\toks18
\verbatim@in@stream=\read1
)
("C:\Program Files (x86)\MiKTeX 2.8\tex\latex\ams\math\amsmath.sty"
Package: amsmath 2000/07/18 v2.13 AMS math features
\@mathmargin=\skip43

For additional information on amsmath, use the `?' option.
("C:\Program Files (x86)\MiKTeX 2.8\tex\latex\ams\math\amstext.sty"
Package: amstext 2000/06/29 v2.01

("C:\Program Files (x86)\MiKTeX 2.8\tex\latex\ams\math\amsgen.sty"
File: amsgen.sty 1999/11/30 v2.0
\@emptytoks=\toks19
\ex@=\dimen105
))
("C:\Program Files (x86)\MiKTeX 2.8\tex\latex\ams\math\amsbsy.sty"
Package: amsbsy 1999/11/29 v1.2d
\pmbraise@=\dimen106
)
("C:\Program Files (x86)\MiKTeX 2.8\tex\latex\ams\math\amsopn.sty"
Package: amsopn 1999/12/14 v2.01 operator names
)
\inf@bad=\count89
LaTeX Info: Redefining \frac on input line 211.
\uproot@=\count90
\leftroot@=\count91
LaTeX Info: Redefining \overline on input line 307.
\classnum@=\count92
\DOTSCASE@=\count93
LaTeX Info: Redefining \ldots on input line 379.
LaTeX Info: Redefining \dots on input line 382.
LaTeX Info: Redefining \cdots on input line 467.
\Mathstrutbox@=\box28
\strutbox@=\box29
\big@size=\dimen107
LaTeX Font Info:    Redeclaring font encoding OML on input line 567.
LaTeX Font Info:    Redeclaring font encoding OMS on input line 568.
\macc@depth=\count94
\c@MaxMatrixCols=\count95
\dotsspace@=\muskip10
\c@parentequation=\count96
\dspbrk@lvl=\count97
\tag@help=\toks20
\row@=\count98
\column@=\count99
\maxfields@=\count100
\andhelp@=\toks21
\eqnshift@=\dimen108
\alignsep@=\dimen109
\tagshift@=\dimen110
\tagwidth@=\dimen111
\totwidth@=\dimen112
\lineht@=\dimen113
\@envbody=\toks22
\multlinegap=\skip44
\multlinetaggap=\skip45
\mathdisplay@stack=\toks23
LaTeX Info: Redefining \[ on input line 2666.
LaTeX Info: Redefining \] on input line 2667.
)
("C:\Program Files (x86)\MiKTeX 2.8\tex\latex\amsfonts\amssymb.sty"
Package: amssymb 2009/06/22 v3.00

("C:\Program Files (x86)\MiKTeX 2.8\tex\latex\amsfonts\amsfonts.sty"
Package: amsfonts 2009/06/22 v3.00 Basic AMSFonts support
\symAMSa=\mathgroup4
\symAMSb=\mathgroup5
LaTeX Font Info:    Overwriting math alphabet `\mathfrak' in version `bold'
(Font)                  U/euf/m/n --> U/euf/b/n on input line 96.
))
("C:\Program Files (x86)\MiKTeX 2.8\tex\latex\preprint\fullpage.sty"
Package: fullpage 1999/02/23 1.1 (PWD)
\FP@margin=\skip46
)
("C:\Program Files (x86)\MiKTeX 2.8\tex\latex\subfig\subfig.sty"
Package: subfig 2005/06/28 ver: 1.3 subfig package

("C:\Program Files (x86)\MiKTeX 2.8\tex\latex\caption\caption.sty"
Package: caption 2011/09/30 v3.2c Customizing captions (AR)

("C:\Program Files (x86)\MiKTeX 2.8\tex\latex\caption\caption3.sty"
Package: caption3 2011/10/09 v1.4 caption3 kernel (AR)
\captionmargin=\dimen114
\captionmargin@=\dimen115
\captionwidth=\dimen116
\caption@indent=\dimen117
\caption@parindent=\dimen118
\caption@hangindent=\dimen119
)
\c@ContinuedFloat=\count101
Package caption Info: float package is loaded.
)
\c@KVtest=\count102
\sf@farskip=\skip47
\sf@captopadj=\dimen120
\sf@capskip=\skip48
\sf@nearskip=\skip49
\c@subfigure=\count103
\c@subfigure@save=\count104
\c@lofdepth=\count105
\c@subtable=\count106
\c@subtable@save=\count107
\c@lotdepth=\count108
\sf@top=\skip50
\sf@bottom=\skip51
)
("C:\Program Files (x86)\MiKTeX 2.8\tex\latex\graphics\color.sty"
Package: color 2005/11/14 v1.0j Standard LaTeX Color (DPC)

("C:\Program Files (x86)\MiKTeX 2.8\tex\latex\00miktex\color.cfg"
File: color.cfg 2007/01/18 v1.5 color configuration of teTeX/TeXLive
)
Package color Info: Driver file: pdftex.def on input line 130.

("C:\Program Files (x86)\MiKTeX 2.8\tex\latex\graphics\dvipsnam.def"
File: dvipsnam.def 1999/02/16 v3.0i Driver-dependant file (DPC,SPQR)
))
("C:\Program Files (x86)\MiKTeX 2.8\tex\latex\fancyhdr\fancyhdr.sty"
\fancy@headwidth=\skip52
\f@ncyO@elh=\skip53
\f@ncyO@erh=\skip54
\f@ncyO@olh=\skip55
\f@ncyO@orh=\skip56
\f@ncyO@elf=\skip57
\f@ncyO@erf=\skip58
\f@ncyO@olf=\skip59
\f@ncyO@orf=\skip60
)
("C:\Program Files (x86)\MiKTeX 2.8\tex\latex\listings\listings.sty"
\lst@mode=\count109
\lst@gtempboxa=\box30
\lst@token=\toks24
\lst@length=\count110
\lst@currlwidth=\dimen121
\lst@column=\count111
\lst@pos=\count112
\lst@lostspace=\dimen122
\lst@width=\dimen123
\lst@newlines=\count113
\lst@lineno=\count114
\lst@maxwidth=\dimen124

("C:\Program Files (x86)\MiKTeX 2.8\tex\latex\listings\lstmisc.sty"
File: lstmisc.sty 2007/02/22 1.4 (Carsten Heinz)
\c@lstnumber=\count115
\lst@skipnumbers=\count116
\lst@framebox=\box31
)
("C:\Program Files (x86)\MiKTeX 2.8\tex\latex\listings\listings.cfg"
File: listings.cfg 2007/02/22 1.4 listings configuration
))
Package: listings 2007/02/22 1.4 (Carsten Heinz)

("C:\Program Files (x86)\MiKTeX 2.8\tex\latex\wrapfig\wrapfig.sty"
\wrapoverhang=\dimen125
\WF@size=\dimen126
\c@WF@wrappedlines=\count117
\WF@box=\box32
\WF@everypar=\toks25
Package: wrapfig 2003/01/31  v 3.6
)
("C:\Program Files (x86)\MiKTeX 2.8\tex\latex\listings\lstlang1.sty"
File: lstlang1.sty 2004/09/05 1.3 listings language file
)

LaTeX Warning: Unused global option(s):
    [aps].

(C:\Users\Thanasi\Dropbox\UChicago\Classes\W12\Imaging\Homework\HW1\HW1.aux)
LaTeX Font Info:    Checking defaults for OML/cmm/m/it on input line 56.
LaTeX Font Info:    ... okay on input line 56.
LaTeX Font Info:    Checking defaults for T1/cmr/m/n on input line 56.
LaTeX Font Info:    ... okay on input line 56.
LaTeX Font Info:    Checking defaults for OT1/cmr/m/n on input line 56.
LaTeX Font Info:    ... okay on input line 56.
LaTeX Font Info:    Checking defaults for OMS/cmsy/m/n on input line 56.
LaTeX Font Info:    ... okay on input line 56.
LaTeX Font Info:    Checking defaults for OMX/cmex/m/n on input line 56.
LaTeX Font Info:    ... okay on input line 56.
LaTeX Font Info:    Checking defaults for U/cmr/m/n on input line 56.
LaTeX Font Info:    ... okay on input line 56.

("C:\Program Files (x86)\MiKTeX 2.8\tex\context\base\supp-pdf.tex"
[Loading MPS to PDF converter (version 2006.09.02).]
\scratchcounter=\count118
\scratchdimen=\dimen127
\scratchbox=\box33
\nofMPsegments=\count119
\nofMParguments=\count120
\everyMPshowfont=\toks26
\MPscratchCnt=\count121
\MPscratchDim=\dimen128
\MPnumerator=\count122
\everyMPtoPDFconversion=\toks27
)
Package caption Info: Begin \AtBeginDocument code.
Package caption Info: subfig package 1.2 or 1.3 is loaded.
Package caption Info: listings package is loaded.
Package caption Info: wrapfig package is loaded.
Package caption Info: End \AtBeginDocument code.
\c@lstlisting=\count123
LaTeX Font Info:    Try loading font information for U+msa on input line 57.
 ("C:\Program Files (x86)\MiKTeX 2.8\tex\latex\amsfonts\umsa.fd"
File: umsa.fd 2009/06/22 v3.00 AMS symbols A
)
LaTeX Font Info:    Try loading font information for U+msb on input line 57.

("C:\Program Files (x86)\MiKTeX 2.8\tex\latex\amsfonts\umsb.fd"
File: umsb.fd 2009/06/22 v3.00 AMS symbols B
)
<1-1a.png, id=1, 32.12pt x 32.12pt>
File: 1-1a.png Graphic file (type png)
 <use 1-1a.png>
<1-1b.png, id=2, 32.12pt x 32.12pt>
File: 1-1b.png Graphic file (type png)
 <use 1-1b.png>
<1-1c.png, id=3, 32.12pt x 32.12pt>
File: 1-1c.png Graphic file (type png)
 <use 1-1c.png>
Underfull \hbox (badness 10000) in paragraph at lines 88--89

 []


(C:\Users\Thanasi\Dropbox\UChicago\Classes\W12\Imaging\Homework\HW1\problem1.py
LaTeX Font Info:    Try loading font information for OMS+cmr on input line 1.
("C:\Program Files (x86)\MiKTeX 2.8\tex\latex\base\omscmr.fd"
File: omscmr.fd 1999/05/25 v2.5h Standard LaTeX font definitions
)
LaTeX Font Info:    Font shape `OMS/cmr/m/n' in size <9> not available
(Font)              Font shape `OMS/cmsy/m/n' tried instead on input line 1.
)

Package Fancyhdr Warning: \headheight is too small (10.0pt): 
 Make it at least 22.54448pt.
 We now make it that large for the rest of the document.
 This may cause the page layout to be inconsistent, however.

[1{C:/ProgramData/MiKTeX/2.8/pdftex/config/pdftex.map}

 <C:/Users/Thanasi/Dropbox/UChicago/Classes/W12/Imaging/Homework/HW1/1-1a.png (
PNG copy)> <C:/Users/Thanasi/Dropbox/UChicago/Classes/W12/Imaging/Homework/HW1/
1-1b.png (PNG copy)> <C:/Users/Thanasi/Dropbox/UChicago/Classes/W12/Imaging/Hom
ework/HW1/1-1c.png (PNG copy)>] <1-2a.png, id=19, 32.12pt x 32.12pt>
File: 1-2a.png Graphic file (type png)
 <use 1-2a.png>
<1-2b.png, id=20, 32.12pt x 32.12pt>
File: 1-2b.png Graphic file (type png)
 <use 1-2b.png>
<1-2c.png, id=21, 32.12pt x 32.12pt>
File: 1-2c.png Graphic file (type png)
 <use 1-2c.png>
<1-2d.png, id=22, 32.12pt x 32.12pt>
File: 1-2d.png Graphic file (type png)
 <use 1-2d.png>
(C:\Users\Thanasi\Dropbox\UChicago\Classes\W12\Imaging\Homework\HW1\out2.txt)
(C:\Users\Thanasi\Dropbox\UChicago\Classes\W12\Imaging\Homework\HW1\problem2.py
) [2 <C:/Users/Thanasi/Dropbox/UChicago/Classes/W12/Imaging/Homework/HW1/1-2a.p
ng (PNG copy)> <C:/Users/Thanasi/Dropbox/UChicago/Classes/W12/Imaging/Homework/
HW1/1-2b.png (PNG copy)> <C:/Users/Thanasi/Dropbox/UChicago/Classes/W12/Imaging
/Homework/HW1/1-2c.png (PNG copy)> <C:/Users/Thanasi/Dropbox/UChicago/Classes/W
12/Imaging/Homework/HW1/1-2d.png (PNG copy)>]
<1-3a.png, id=29, 32.12pt x 32.12pt>
File: 1-3a.png Graphic file (type png)
 <use 1-3a.png>
<1-3b.png, id=30, 32.12pt x 32.12pt>
File: 1-3b.png Graphic file (type png)
 <use 1-3b.png>
Underfull \hbox (badness 6032) in paragraph at lines 122--122
[]\OT1/cmr/m/n/8 (b) |Im-age and
 []

<1-3c.png, id=31, 8.03pt x 8.03pt>
File: 1-3c.png Graphic file (type png)
 <use 1-3c.png>
Underfull \hbox (badness 10000) in paragraph at lines 123--123
[]\OT1/cmr/m/n/8 (c) |Re-sam-pled
 []

(C:\Users\Thanasi\Dropbox\UChicago\Classes\W12\Imaging\Homework\HW1\out3.txt)
(C:\Users\Thanasi\Dropbox\UChicago\Classes\W12\Imaging\Homework\HW1\problem3.py
) [3 <C:/Users/Thanasi/Dropbox/UChicago/Classes/W12/Imaging/Homework/HW1/1-3a.p
ng (PNG copy)> <C:/Users/Thanasi/Dropbox/UChicago/Classes/W12/Imaging/Homework/
HW1/1-3b.png (PNG copy)> <C:/Users/Thanasi/Dropbox/UChicago/Classes/W12/Imaging
/Homework/HW1/1-3c.png (PNG copy)>]
(C:\Users\Thanasi\Dropbox\UChicago\Classes\W12\Imaging\Homework\HW1\out4.txt)
(C:\Users\Thanasi\Dropbox\UChicago\Classes\W12\Imaging\Homework\HW1\problem4.py
LaTeX Font Info:    Try loading font information for OML+cmr on input line 10.
("C:\Program Files (x86)\MiKTeX 2.8\tex\latex\base\omlcmr.fd"
File: omlcmr.fd 1999/05/25 v2.5h Standard LaTeX font definitions
)
LaTeX Font Info:    Font shape `OML/cmr/m/n' in size <9> not available
(Font)              Font shape `OML/cmm/m/it' tried instead on input line 10.
) [4]
(C:\Users\Thanasi\Dropbox\UChicago\Classes\W12\Imaging\Homework\HW1\ball.py
[5] [6]) [7]
(C:\Users\Thanasi\Dropbox\UChicago\Classes\W12\Imaging\Homework\HW1\HW1.aux) ) 
Here is how much of TeX's memory you used:
 5019 strings out of 495285
 73008 string characters out of 3179872
 247153 words of memory out of 3000000
 8134 multiletter control sequences out of 15000+200000
 10757 words of font info for 43 fonts, out of 3000000 for 9000
 14 hyphenation exceptions out of 8191
 44i,12n,46p,431b,1585s stack positions out of 5000i,500n,10000p,200000b,50000s
<
C:/Program Files (x86)/MiKTeX 2.8/fonts/type1/public/amsfonts/cm/cmbx12.pfb><C:
/Program Files (x86)/MiKTeX 2.8/fonts/type1/public/amsfonts/cm/cmmi10.pfb><C:/P
rogram Files (x86)/MiKTeX 2.8/fonts/type1/public/amsfonts/cm/cmmi6.pfb><C:/Prog
ram Files (x86)/MiKTeX 2.8/fonts/type1/public/amsfonts/cm/cmmi7.pfb><C:/Program
 Files (x86)/MiKTeX 2.8/fonts/type1/public/amsfonts/cm/cmmi8.pfb><C:/Program Fi
les (x86)/MiKTeX 2.8/fonts/type1/public/amsfonts/cm/cmmi9.pfb><C:/Program Files
 (x86)/MiKTeX 2.8/fonts/type1/public/amsfonts/cm/cmr10.pfb><C:/Program Files (x
86)/MiKTeX 2.8/fonts/type1/public/amsfonts/cm/cmr5.pfb><C:/Program Files (x86)/
MiKTeX 2.8/fonts/type1/public/amsfonts/cm/cmr6.pfb><C:/Program Files (x86)/MiKT
eX 2.8/fonts/type1/public/amsfonts/cm/cmr7.pfb><C:/Program Files (x86)/MiKTeX 2
.8/fonts/type1/public/amsfonts/cm/cmr8.pfb><C:/Program Files (x86)/MiKTeX 2.8/f
onts/type1/public/amsfonts/cm/cmr9.pfb><C:/Program Files (x86)/MiKTeX 2.8/fonts
/type1/public/amsfonts/cm/cmsy10.pfb><C:/Program Files (x86)/MiKTeX 2.8/fonts/t
ype1/public/amsfonts/cm/cmsy9.pfb><C:/Program Files (x86)/MiKTeX 2.8/fonts/type
1/public/amsfonts/cm/cmtt10.pfb>
Output written on HW1.pdf (7 pages, 197072 bytes).
PDF statistics:
 96 PDF objects out of 1000 (max. 8388607)
 0 named destinations out of 1000 (max. 500000)
 51 words of extra memory for PDF output out of 10000 (max. 10000000)

